<?xml version="1.0" encoding="UTF-8"?>
<testsuite name="SILab2Test" tests="2" skipped="0" failures="0" errors="0" timestamp="2020-06-12T16:52:46" hostname="DESKTOP-V9IA1S2" time="0.016">
  <properties/>
  <testcase name="EachBranchTest()" classname="SILab2Test" time="0.012"/>
  <testcase name="EachPathTest()" classname="SILab2Test" time="0.003"/>
  <system-out><![CDATA[Initializing the expected paramethars 
The test terminates
]]></system-out>
  <system-err><![CDATA[]]></system-err>
</testsuite>
